-------------------------------------------------------------------------------
Test set: com.nnk.springboot.TradeTests
-------------------------------------------------------------------------------
Tests run: 1, Failures: 0, Errors: 1, Skipped: 0, Time elapsed: 0.148 s <<< FAILURE! - in com.nnk.springboot.TradeTests
tradeTest(com.nnk.springboot.TradeTests)  Time elapsed: 0 s  <<< ERROR!
java.lang.IllegalStateException: Failed to load ApplicationContext
Caused by: java.lang.IllegalStateException: Cannot load configuration class: com.nnk.springboot.Application
Caused by: java.lang.NoClassDefFoundError: Could not initialize class org.springframework.cglib.proxy.Enhancer

