-------------------------------------------------------------------------------
Test set: com.nnk.springboot.PasswordEncodeTest
-------------------------------------------------------------------------------
Tests run: 1, Failures: 0, Errors: 1, Skipped: 0, Time elapsed: 0.192 s <<< FAILURE! - in com.nnk.springboot.PasswordEncodeTest
testPassword(com.nnk.springboot.PasswordEncodeTest)  Time elapsed: 0.001 s  <<< ERROR!
java.lang.IllegalStateException: Failed to load ApplicationContext
Caused by: java.lang.IllegalStateException: Cannot load configuration class: com.nnk.springboot.Application
Caused by: java.lang.NoClassDefFoundError: Could not initialize class org.springframework.cglib.proxy.Enhancer

